INFO:aiogram.event:Update id=215122118 is handled. Duration 375 ms by bot id=7690721670
INFO:aiogram.event:Update id=215122119 is handled. Duration 223 ms by bot id=7690721670
INFO:aiogram.event:Update id=215122120 is handled. Duration 315 ms by bot id=7690721670
INFO:aiogram.event:Update id=215122121 is handled. Duration 175 ms by bot id=7690721670
INFO:aiogram.event:Update id=215122122 is handled. Duration 498 ms by bot id=7690721670
INFO:aiogram.event:Update id=215122123 is handled. Duration 167 ms by bot id=7690721670
INFO:aiogram.event:Update id=215122124 is handled. Duration 169 ms by bot id=7690721670
INFO:root:Поиск с фильтрами: {'property_type': 'Квартира', 'deal_type': 'Покупка', 'district': 'Прикубанский', 'budget': '10000000', 'rooms': '1'}
INFO:root:Attempting to fetch data from Google Sheets...
INFO:root:Decoded data for property_type: Квартира
INFO:root:Decoded data for deal_type: Покупка
INFO:root:Decoded data for district: Прикубанский
INFO:root:Decoded data for description: Идеальное сочетание комфорта и инвестиционной выгоды ждет вас в этой потрясающей 1-комнатной квартире в престижном жилом комплексе ЖК Лучший в Краснодаре! Площадь квартиры составляет 42,54 м², включая просторную гостиную 18,69 м², уютную кухню-столовую 14,18 м², прихожую 4,84 м² и сан.узел 3,80 м² с балконом 2,06x0,51 м². Квартира предлагается с отделкой 4,6% и готовностью под чистовую отделку, что позволяет сразу приступить к обустройству. Цена: 6 593 700 ₽, с возможностью ипотеки от 1 325 333 ₽, а ежемесячный платеж составит всего 27 007 ₽.
INFO:root:Decoded data for photo_url: https://i.ibb.co/1J2HMZgz/image.jpg, https://i.ibb.co/N2Khxh7y/image.jpg, https://i.ibb.co/5XkzRB5Y/image.jpg, https://i.ibb.co/r25TfYsy/2.jpg,
INFO:root:Decoded data for property_type: Дом
INFO:root:Decoded data for deal_type: Аренда
INFO:root:Decoded data for district: Западный
INFO:root:Decoded data for description: 
INFO:root:Decoded data for photo_url: https://i.ibb.co/tMYSHKYs/image.jpg, https://i.ibb.co/4RHpq7D6/image-2.jpg, https://i.ibb.co/4RHpq7D6/image-2.jpg
INFO:root:Decoded data for property_type: Коммерческая
INFO:root:Decoded data for deal_type: Аренда
INFO:root:Decoded data for district: Прикубанский
INFO:root:Decoded data for description: Расположение комплекса — это настоящая находка: последняя стройка в районе с удобным выездом на 5 главных артерий города, рядом 5 действующих ТЦ, в 500 м — трамвайные пути, школа и детский сад. Идеально подходит как для жизни — район близок к центру с развитой инфраструктурой, так и для инвестиций: средняя аренда от 35 000 ₽ и выше, что полностью покрывает ежемесячные платежи. Не упустите шанс стать владельцем этой квартиры в сердце Краснодара!
INFO:root:Decoded data for photo_url: https://i.ibb.co/tMYSHKYs/image.jpg, https://i.ibb.co/4RHpq7D6/image-2.jpg, https://i.ibb.co/4RHpq7D6/image-2.jpg
INFO:root:Decoded data for property_type: Земельный участок
INFO:root:Decoded data for deal_type: Покупка
INFO:root:Decoded data for district: Карасунский
INFO:root:Decoded data for rooms: 
INFO:root:Decoded data for description: для пчеловодста
INFO:root:Decoded data for photo_url: https://i.ibb.co/tMYSHKYs/image.jpg
INFO:root:Decoded data for property_type: Дом
INFO:root:Decoded data for deal_type: Аренда
INFO:root:Decoded data for district: Западный
INFO:root:Decoded data for description: басссейн
INFO:root:Decoded data for photo_url: https://i.ibb.co/4RHpq7D6/image-2.jpg
INFO:root:Decoded data for property_type: Квартира
INFO:root:Decoded data for deal_type: Покупка
INFO:root:Decoded data for district: Карасунский
INFO:root:Decoded data for description: балкон с видом на набережную
INFO:root:Decoded data for photo_url: https://i.ibb.co/tMYSHKYs/image.jpg
INFO:root:Data fetch completed, processing records...
INFO:root:Successfully fetched 6 records from Google Sheets: [{'id': 1, 'property_type': 'Квартира', 'deal_type': 'Покупка', 'district': 'Прикубанский', 'price': 6593700, 'rooms': 1, 'description': 'Идеальное сочетание комфорта и инвестиционной выгоды ждет вас в этой потрясающей 1-комнатной квартире в престижном жилом комплексе ЖК Лучший в Краснодаре! Площадь квартиры составляет 42,54 м², включая просторную гостиную 18,69 м², уютную кухню-столовую 14,18 м², прихожую 4,84 м² и сан.узел 3,80 м² с балконом 2,06x0,51 м². Квартира предлагается с отделкой 4,6% и готовностью под чистовую отделку, что позволяет сразу приступить к обустройству. Цена: 6 593 700 ₽, с возможностью ипотеки от 1 325 333 ₽, а ежемесячный платеж составит всего 27 007 ₽.', 'photo_url': 'https://i.ibb.co/1J2HMZgz/image.jpg, https://i.ibb.co/N2Khxh7y/image.jpg, https://i.ibb.co/5XkzRB5Y/image.jpg, https://i.ibb.co/r25TfYsy/2.jpg,'}, {'id': 2, 'property_type': 'Дом', 'deal_type': 'Аренда', 'district': 'Западный', 'price': 2000000, 'rooms': 1, 'description': '', 'photo_url': 'https://i.ibb.co/tMYSHKYs/image.jpg, https://i.ibb.co/4RHpq7D6/image-2.jpg, https://i.ibb.co/4RHpq7D6/image-2.jpg'}]...
INFO:root:Полученные данные из cached_get_listings: [{'id': 1, 'property_type': 'Квартира', 'deal_type': 'Покупка', 'district': 'Прикубанский', 'price': 6593700, 'rooms': 1, 'description': 'Идеальное сочетание комфорта и инвестиционной выгоды ждет вас в этой потрясающей 1-комнатной квартире в престижном жилом комплексе ЖК Лучший в Краснодаре! Площадь квартиры составляет 42,54 м², включая просторную гостиную 18,69 м², уютную кухню-столовую 14,18 м², прихожую 4,84 м² и сан.узел 3,80 м² с балконом 2,06x0,51 м². Квартира предлагается с отделкой 4,6% и готовностью под чистовую отделку, что позволяет сразу приступить к обустройству. Цена: 6 593 700 ₽, с возможностью ипотеки от 1 325 333 ₽, а ежемесячный платеж составит всего 27 007 ₽.', 'photo_url': 'https://i.ibb.co/1J2HMZgz/image.jpg, https://i.ibb.co/N2Khxh7y/image.jpg, https://i.ibb.co/5XkzRB5Y/image.jpg, https://i.ibb.co/r25TfYsy/2.jpg,'}, {'id': 2, 'property_type': 'Дом', 'deal_type': 'Аренда', 'district': 'Западный', 'price': 2000000, 'rooms': 1, 'description': '', 'photo_url': 'https://i.ibb.co/tMYSHKYs/image.jpg, https://i.ibb.co/4RHpq7D6/image-2.jpg, https://i.ibb.co/4RHpq7D6/image-2.jpg'}, {'id': 3, 'property_type': 'Коммерческая', 'deal_type': 'Аренда', 'district': 'Прикубанский', 'price': 6000000, 'rooms': 3, 'description': 'Расположение комплекса — это настоящая находка: последняя стройка в районе с удобным выездом на 5 главных артерий города, рядом 5 действующих ТЦ, в 500 м — трамвайные пути, школа и детский сад. Идеально подходит как для жизни — район близок к центру с развитой инфраструктурой, так и для инвестиций: средняя аренда от 35 000 ₽ и выше, что полностью покрывает ежемесячные платежи. Не упустите шанс стать владельцем этой квартиры в сердце Краснодара!', 'photo_url': 'https://i.ibb.co/tMYSHKYs/image.jpg, https://i.ibb.co/4RHpq7D6/image-2.jpg, https://i.ibb.co/4RHpq7D6/image-2.jpg'}, {'id': 4, 'property_type': 'Земельный участок', 'deal_type': 'Покупка', 'district': 'Карасунский', 'price': 1000000, 'rooms': '', 'description': 'для пчеловодста', 'photo_url': 'https://i.ibb.co/tMYSHKYs/image.jpg'}, {'id': 5, 'property_type': 'Дом', 'deal_type': 'Аренда', 'district': 'Западный', 'price': 2500000, 'rooms': 1, 'description': 'басссейн', 'photo_url': 'https://i.ibb.co/4RHpq7D6/image-2.jpg'}, {'id': 6, 'property_type': 'Квартира', 'deal_type': 'Покупка', 'district': 'Карасунский', 'price': 4200000, 'rooms': 1, 'description': 'балкон с видом на набережную', 'photo_url': 'https://i.ibb.co/tMYSHKYs/image.jpg'}]...
INFO:root:ID: 7690721670 (@YouMaklerbot) - Выполнен поиск: Квартира, Покупка, Прикубанский, бюджет до 10000000, комнаты: 1 - 2025-08-08 03:05:04
INFO:root:Raw filter values - property_type: Квартира, deal_type: Покупка, district: Прикубанский, budget: 10000000, rooms: 1
INFO:root:Raw listing data: {'id': 1, 'property_type': 'Квартира', 'deal_type': 'Покупка', 'district': 'Прикубанский', 'price': 6593700, 'rooms': 1, 'description': 'Идеальное сочетание комфорта и инвестиционной выгоды ждет вас в этой потрясающей 1-комнатной квартире в престижном жилом комплексе ЖК Лучший в Краснодаре! Площадь квартиры составляет 42,54 м², включая просторную гостиную 18,69 м², уютную кухню-столовую 14,18 м², прихожую 4,84 м² и сан.узел 3,80 м² с балконом 2,06x0,51 м². Квартира предлагается с отделкой 4,6% и готовностью под чистовую отделку, что позволяет сразу приступить к обустройству. Цена: 6 593 700 ₽, с возможностью ипотеки от 1 325 333 ₽, а ежемесячный платеж составит всего 27 007 ₽.', 'photo_url': 'https://i.ibb.co/1J2HMZgz/image.jpg, https://i.ibb.co/N2Khxh7y/image.jpg, https://i.ibb.co/5XkzRB5Y/image.jpg, https://i.ibb.co/r25TfYsy/2.jpg,'}
INFO:root:Raw listing data: {'id': 2, 'property_type': 'Дом', 'deal_type': 'Аренда', 'district': 'Западный', 'price': 2000000, 'rooms': 1, 'description': '', 'photo_url': 'https://i.ibb.co/tMYSHKYs/image.jpg, https://i.ibb.co/4RHpq7D6/image-2.jpg, https://i.ibb.co/4RHpq7D6/image-2.jpg'}
INFO:root:Raw listing data: {'id': 3, 'property_type': 'Коммерческая', 'deal_type': 'Аренда', 'district': 'Прикубанский', 'price': 6000000, 'rooms': 3, 'description': 'Расположение комплекса — это настоящая находка: последняя стройка в районе с удобным выездом на 5 главных артерий города, рядом 5 действующих ТЦ, в 500 м — трамвайные пути, школа и детский сад. Идеально подходит как для жизни — район близок к центру с развитой инфраструктурой, так и для инвестиций: средняя аренда от 35 000 ₽ и выше, что полностью покрывает ежемесячные платежи. Не упустите шанс стать владельцем этой квартиры в сердце Краснодара!', 'photo_url': 'https://i.ibb.co/tMYSHKYs/image.jpg, https://i.ibb.co/4RHpq7D6/image-2.jpg, https://i.ibb.co/4RHpq7D6/image-2.jpg'}
INFO:root:Raw listing data: {'id': 4, 'property_type': 'Земельный участок', 'deal_type': 'Покупка', 'district': 'Карасунский', 'price': 1000000, 'rooms': '', 'description': 'для пчеловодста', 'photo_url': 'https://i.ibb.co/tMYSHKYs/image.jpg'}
INFO:root:Raw listing data: {'id': 5, 'property_type': 'Дом', 'deal_type': 'Аренда', 'district': 'Западный', 'price': 2500000, 'rooms': 1, 'description': 'басссейн', 'photo_url': 'https://i.ibb.co/4RHpq7D6/image-2.jpg'}
INFO:root:Raw listing data: {'id': 6, 'property_type': 'Квартира', 'deal_type': 'Покупка', 'district': 'Карасунский', 'price': 4200000, 'rooms': 1, 'description': 'балкон с видом на набережную', 'photo_url': 'https://i.ibb.co/tMYSHKYs/image.jpg'}
INFO:root:Converted - price: 6593700.0, budget: 10000000.0
INFO:root:Converted - price: 2000000.0, budget: 10000000.0
INFO:root:Converted - price: 6000000.0, budget: 10000000.0
INFO:root:Converted - price: 1000000.0, budget: 10000000.0
INFO:root:Converted - price: 2500000.0, budget: 10000000.0
INFO:root:Converted - price: 4200000.0, budget: 10000000.0
INFO:root:Filtered listings count: 1, first item: [{'id': 1, 'property_type': 'Квартира', 'deal_type': 'Покупка', 'district': 'Прикубанский', 'price': 6593700, 'rooms': 1, 'description': 'Идеальное сочетание комфорта и инвестиционной выгоды ждет вас в этой потрясающей 1-комнатной квартире в престижном жилом комплексе ЖК Лучший в Краснодаре! Площадь квартиры составляет 42,54 м², включая просторную гостиную 18,69 м², уютную кухню-столовую 14,18 м², прихожую 4,84 м² и сан.узел 3,80 м² с балконом 2,06x0,51 м². Квартира предлагается с отделкой 4,6% и готовностью под чистовую отделку, что позволяет сразу приступить к обустройству. Цена: 6 593 700 ₽, с возможностью ипотеки от 1 325 333 ₽, а ежемесячный платеж составит всего 27 007 ₽.', 'photo_url': 'https://i.ibb.co/1J2HMZgz/image.jpg, https://i.ibb.co/N2Khxh7y/image.jpg, https://i.ibb.co/5XkzRB5Y/image.jpg, https://i.ibb.co/r25TfYsy/2.jpg,'}]
INFO:root:Showing listing: index=0, total=1
INFO:aiogram.event:Update id=215122125 is handled. Duration 5477 ms by bot id=7690721670
INFO:aiogram.event:Update id=215122126 is handled. Duration 162 ms by bot id=7690721670
INFO:aiogram.event:Update id=215122127 is handled. Duration 248 ms by bot id=7690721670
#_____________________________________________________#INFO:aiogram.event:Update id=215122128 is handled. Duration 259 ms by bot id=7690721670
INFO:aiogram.event:Update id=215122129 is handled. Duration 177 ms by bot id=7690721670
INFO:aiogram.event:Update id=215122130 is handled. Duration 359 ms by bot id=7690721670
INFO:aiogram.dispatcher:Polling stopped
INFO:aiogram.dispatcher:Polling stopped for bot @YouMaklerbot id=7690721670 - 'your_realtor_bot'
